<?xml version="1.0" encoding="UTF-8"?><testsuite errors="1" failures="0" name="crear clientes en web service servicio" skipped="0" tests="1" time="13.66" timestamp="2020-05-04 08:33:03"><testcase name="creación exitosa de un usuario"><error message="reqres.in" type="java.net.UnknownHostException">reqres.in</error><system-err>reqres.in&#13;
org.apache.http.impl.conn.SystemDefaultDnsResolver.resolve(SystemDefaultDnsResolver.java:45)&#13;
org.apache.http.impl.conn.DefaultClientConnectionOperator.resolveHostname(DefaultClientConnectionOperator.java:263)&#13;
org.apache.http.impl.conn.DefaultClientConnectionOperator.openConnection(DefaultClientConnectionOperator.java:162)&#13;
org.apache.http.impl.conn.ManagedClientConnectionImpl.open(ManagedClientConnectionImpl.java:326)&#13;
org.apache.http.impl.client.DefaultRequestDirector.tryConnect(DefaultRequestDirector.java:610)&#13;
org.apache.http.impl.client.DefaultRequestDirector.execute(DefaultRequestDirector.java:445)&#13;
org.apache.http.impl.client.AbstractHttpClient.doExecute(AbstractHttpClient.java:835)&#13;
org.apache.http.impl.client.CloseableHttpClient.execute(CloseableHttpClient.java:83)&#13;
org.apache.http.impl.client.CloseableHttpClient.execute(CloseableHttpClient.java:56)&#13;
io.restassured.internal.http.HTTPBuilder.post(HTTPBuilder.java:349)&#13;
io.restassured.internal.RequestSpecificationImpl.sendRequest(RequestSpecificationImpl.groovy:1180)&#13;
groovy.lang.MetaMethod.doMethodInvoke(MetaMethod.java:323)&#13;
groovy.lang.MetaClassImpl.invokeMethod(MetaClassImpl.java:1217)&#13;
groovy.lang.MetaClassImpl.invokeMethod(MetaClassImpl.java:1041)&#13;
groovy.lang.MetaClassImpl.invokeMethod(MetaClassImpl.java:821)&#13;
io.restassured.internal.RequestSpecificationImpl.invokeMethod(RequestSpecificationImpl.groovy)&#13;
io.restassured.internal.filter.SendRequestFilter.filter(SendRequestFilter.groovy:30)&#13;
io.restassured.internal.filter.FilterContextImpl.next(FilterContextImpl.groovy:72)&#13;
io.restassured.filter.time.TimingFilter.filter(TimingFilter.java:56)&#13;
io.restassured.internal.filter.FilterContextImpl.next(FilterContextImpl.groovy:72)&#13;
io.restassured.internal.RequestSpecificationImpl.applyPathParamsAndSendRequest(RequestSpecificationImpl.groovy:1654)&#13;
groovy.lang.MetaMethod.doMethodInvoke(MetaMethod.java:323)&#13;
groovy.lang.MetaClassImpl.invokeMethod(MetaClassImpl.java:1217)&#13;
groovy.lang.MetaClassImpl.invokeMethod(MetaClassImpl.java:1041)&#13;
groovy.lang.MetaClassImpl.invokeMethod(MetaClassImpl.java:821)&#13;
io.restassured.internal.RequestSpecificationImpl.invokeMethod(RequestSpecificationImpl.groovy)&#13;
io.restassured.internal.RequestSpecificationImpl.applyPathParamsAndSendRequest(RequestSpecificationImpl.groovy:1660)&#13;
groovy.lang.MetaMethod.doMethodInvoke(MetaMethod.java:323)&#13;
groovy.lang.MetaClassImpl.invokeMethod(MetaClassImpl.java:1217)&#13;
groovy.lang.MetaClassImpl.invokeMethod(MetaClassImpl.java:1041)&#13;
groovy.lang.MetaClassImpl.invokeMethod(MetaClassImpl.java:821)&#13;
io.restassured.internal.RequestSpecificationImpl.invokeMethod(RequestSpecificationImpl.groovy)&#13;
io.restassured.internal.RequestSpecificationImpl.post(RequestSpecificationImpl.groovy:175)&#13;
io.restassured.internal.RequestSpecificationImpl.post(RequestSpecificationImpl.groovy)&#13;
tasks.Consultar.performAs(Consultar.java:32)&#13;
stepsdefinitions.CreacionClienteStepsDefinition.haceElRegistroConLosDatos(CreacionClienteStepsDefinition.java:33)&#13;
✽.hace el registro con los datos(src/test/resources/features/creacion_cliente.feature:8)&#13;
</system-err></testcase></testsuite>